12/06/2022 17:00:41 - INFO - __main__ -   output/resnet18_imagenet/int_W8A8_56647/gpu_0
12/06/2022 17:00:41 - INFO - __main__ -   Namespace(a_low=75, a_up=150, abit=8, batch_size=256, ckpt_path=None, dataset='imagenet', dataset_path='/home/mnt/datasets/ImageNet2012', disable_input_quantization=False, disable_quant=False, eb='sel-2-3-4-5', epoch=5, layer_8bit_l=None, layer_8bit_n=0, local_rank=0, lr=5e-05, mode='int', model='resnet18', percent=100, ptq=False, resume=False, search=False, tag='', train=True, w_low=75, w_up=150, wbit=8)
12/06/2022 17:00:41 - INFO - __main__ -   ==> Preparing data..
12/06/2022 17:01:27 - INFO - __main__ -   ==> Setting quantizer..
12/06/2022 17:01:27 - INFO - __main__ -   Namespace(a_low=75, a_up=150, abit=8, batch_size=256, ckpt_path=None, dataset='imagenet', dataset_path='/home/mnt/datasets/ImageNet2012', disable_input_quantization=False, disable_quant=False, eb='sel-2-3-4-5', epoch=5, layer_8bit_l=None, layer_8bit_n=0, local_rank=0, lr=5e-05, mode='int', model='resnet18', percent=100, ptq=False, resume=False, search=False, tag='', train=True, w_low=75, w_up=150, wbit=8)
12/06/2022 17:01:27 - INFO - __main__ -   ==> Building model..
12/06/2022 17:01:27 - INFO - __main__ -   {'milestones': Counter({2: 1, 3: 1, 4: 1}), 'gamma': 0.1, 'base_lrs': [5e-05], 'last_epoch': 0, '_step_count': 1, 'verbose': False, '_get_lr_called_within_step': False, '_last_lr': [5e-05]}
12/06/2022 17:01:27 - INFO - __main__ -   
Epoch: 0
12/06/2022 17:01:39 - INFO - __main__ -   test: [epoch: 0 | batch: 0/5005 ] | Loss: 1.135 | Acc: 72.656% (186/256)
12/06/2022 17:02:14 - INFO - __main__ -   test: [epoch: 0 | batch: 100/5005 ] | Loss: 1.247 | Acc: 70.270% (18169/25856)
12/06/2022 17:02:46 - INFO - __main__ -   test: [epoch: 0 | batch: 200/5005 ] | Loss: 1.257 | Acc: 70.153% (36098/51456)
12/06/2022 17:03:19 - INFO - __main__ -   test: [epoch: 0 | batch: 300/5005 ] | Loss: 1.260 | Acc: 70.102% (54018/77056)
12/06/2022 17:03:52 - INFO - __main__ -   test: [epoch: 0 | batch: 400/5005 ] | Loss: 1.263 | Acc: 70.026% (71886/102656)
12/06/2022 17:04:25 - INFO - __main__ -   test: [epoch: 0 | batch: 500/5005 ] | Loss: 1.263 | Acc: 69.999% (89778/128256)
12/06/2022 17:04:58 - INFO - __main__ -   test: [epoch: 0 | batch: 600/5005 ] | Loss: 1.265 | Acc: 69.908% (107557/153856)
12/06/2022 17:05:31 - INFO - __main__ -   test: [epoch: 0 | batch: 700/5005 ] | Loss: 1.264 | Acc: 69.924% (125482/179456)
12/06/2022 17:06:57 - INFO - __main__ -   test: [epoch: 0 | batch: 800/5005 ] | Loss: 1.265 | Acc: 69.909% (143353/205056)
12/06/2022 17:08:41 - INFO - __main__ -   test: [epoch: 0 | batch: 900/5005 ] | Loss: 1.263 | Acc: 69.991% (161439/230656)
12/06/2022 17:10:17 - INFO - __main__ -   test: [epoch: 0 | batch: 1000/5005 ] | Loss: 1.262 | Acc: 70.019% (179429/256256)
12/06/2022 17:11:52 - INFO - __main__ -   test: [epoch: 0 | batch: 1100/5005 ] | Loss: 1.261 | Acc: 70.031% (197386/281856)
12/06/2022 17:13:34 - INFO - __main__ -   test: [epoch: 0 | batch: 1200/5005 ] | Loss: 1.260 | Acc: 70.063% (215412/307456)
12/06/2022 17:15:20 - INFO - __main__ -   test: [epoch: 0 | batch: 1300/5005 ] | Loss: 1.260 | Acc: 70.031% (233243/333056)
12/06/2022 17:17:07 - INFO - __main__ -   test: [epoch: 0 | batch: 1400/5005 ] | Loss: 1.259 | Acc: 70.042% (251211/358656)
12/06/2022 17:18:54 - INFO - __main__ -   test: [epoch: 0 | batch: 1500/5005 ] | Loss: 1.258 | Acc: 70.053% (269184/384256)
12/06/2022 17:20:43 - INFO - __main__ -   test: [epoch: 0 | batch: 1600/5005 ] | Loss: 1.259 | Acc: 70.011% (286944/409856)
12/06/2022 17:22:31 - INFO - __main__ -   test: [epoch: 0 | batch: 1700/5005 ] | Loss: 1.258 | Acc: 70.011% (304868/435456)
12/06/2022 17:24:21 - INFO - __main__ -   test: [epoch: 0 | batch: 1800/5005 ] | Loss: 1.258 | Acc: 70.042% (322931/461056)
12/06/2022 17:26:10 - INFO - __main__ -   test: [epoch: 0 | batch: 1900/5005 ] | Loss: 1.257 | Acc: 70.039% (340850/486656)
12/06/2022 17:27:59 - INFO - __main__ -   test: [epoch: 0 | batch: 2000/5005 ] | Loss: 1.257 | Acc: 70.047% (358820/512256)
12/06/2022 17:29:46 - INFO - __main__ -   test: [epoch: 0 | batch: 2100/5005 ] | Loss: 1.256 | Acc: 70.043% (376733/537856)
12/06/2022 17:31:35 - INFO - __main__ -   test: [epoch: 0 | batch: 2200/5005 ] | Loss: 1.255 | Acc: 70.064% (394777/563456)
12/06/2022 17:33:22 - INFO - __main__ -   test: [epoch: 0 | batch: 2300/5005 ] | Loss: 1.256 | Acc: 70.053% (412653/589056)
12/06/2022 17:35:10 - INFO - __main__ -   test: [epoch: 0 | batch: 2400/5005 ] | Loss: 1.255 | Acc: 70.066% (430665/614656)
12/06/2022 17:36:58 - INFO - __main__ -   test: [epoch: 0 | batch: 2500/5005 ] | Loss: 1.255 | Acc: 70.085% (448722/640256)
12/06/2022 17:38:47 - INFO - __main__ -   test: [epoch: 0 | batch: 2600/5005 ] | Loss: 1.254 | Acc: 70.084% (466660/665856)
12/06/2022 17:40:35 - INFO - __main__ -   test: [epoch: 0 | batch: 2700/5005 ] | Loss: 1.255 | Acc: 70.072% (484519/691456)
12/06/2022 17:42:23 - INFO - __main__ -   test: [epoch: 0 | batch: 2800/5005 ] | Loss: 1.255 | Acc: 70.073% (502460/717056)
12/06/2022 17:44:12 - INFO - __main__ -   test: [epoch: 0 | batch: 2900/5005 ] | Loss: 1.254 | Acc: 70.091% (520534/742656)
12/06/2022 17:46:01 - INFO - __main__ -   test: [epoch: 0 | batch: 3000/5005 ] | Loss: 1.254 | Acc: 70.106% (538597/768256)
12/06/2022 17:47:50 - INFO - __main__ -   test: [epoch: 0 | batch: 3100/5005 ] | Loss: 1.254 | Acc: 70.100% (556494/793856)
12/06/2022 17:49:40 - INFO - __main__ -   test: [epoch: 0 | batch: 3200/5005 ] | Loss: 1.254 | Acc: 70.096% (574404/819456)
12/06/2022 17:51:28 - INFO - __main__ -   test: [epoch: 0 | batch: 3300/5005 ] | Loss: 1.254 | Acc: 70.107% (592442/845056)
12/06/2022 17:53:16 - INFO - __main__ -   test: [epoch: 0 | batch: 3400/5005 ] | Loss: 1.253 | Acc: 70.118% (610488/870656)
12/06/2022 17:55:06 - INFO - __main__ -   test: [epoch: 0 | batch: 3500/5005 ] | Loss: 1.253 | Acc: 70.115% (628407/896256)
12/06/2022 17:56:56 - INFO - __main__ -   test: [epoch: 0 | batch: 3600/5005 ] | Loss: 1.253 | Acc: 70.115% (646363/921856)
12/06/2022 17:58:44 - INFO - __main__ -   test: [epoch: 0 | batch: 3700/5005 ] | Loss: 1.253 | Acc: 70.119% (664344/947456)
12/06/2022 18:00:34 - INFO - __main__ -   test: [epoch: 0 | batch: 3800/5005 ] | Loss: 1.253 | Acc: 70.129% (682396/973056)
12/06/2022 18:02:20 - INFO - __main__ -   test: [epoch: 0 | batch: 3900/5005 ] | Loss: 1.253 | Acc: 70.127% (700329/998656)
12/06/2022 18:04:06 - INFO - __main__ -   test: [epoch: 0 | batch: 4000/5005 ] | Loss: 1.253 | Acc: 70.140% (718413/1024256)
12/06/2022 18:05:53 - INFO - __main__ -   test: [epoch: 0 | batch: 4100/5005 ] | Loss: 1.252 | Acc: 70.156% (736539/1049856)
12/06/2022 18:07:41 - INFO - __main__ -   test: [epoch: 0 | batch: 4200/5005 ] | Loss: 1.252 | Acc: 70.155% (754486/1075456)
12/06/2022 18:09:27 - INFO - __main__ -   test: [epoch: 0 | batch: 4300/5005 ] | Loss: 1.251 | Acc: 70.166% (772565/1101056)
12/06/2022 18:11:04 - INFO - __main__ -   test: [epoch: 0 | batch: 4400/5005 ] | Loss: 1.251 | Acc: 70.184% (790737/1126656)
12/06/2022 18:12:53 - INFO - __main__ -   test: [epoch: 0 | batch: 4500/5005 ] | Loss: 1.251 | Acc: 70.187% (808731/1152256)
12/06/2022 18:14:41 - INFO - __main__ -   test: [epoch: 0 | batch: 4600/5005 ] | Loss: 1.250 | Acc: 70.197% (826823/1177856)
12/06/2022 18:16:31 - INFO - __main__ -   test: [epoch: 0 | batch: 4700/5005 ] | Loss: 1.250 | Acc: 70.202% (844846/1203456)
12/06/2022 18:18:18 - INFO - __main__ -   test: [epoch: 0 | batch: 4800/5005 ] | Loss: 1.250 | Acc: 70.198% (862775/1229056)
12/06/2022 18:20:07 - INFO - __main__ -   test: [epoch: 0 | batch: 4900/5005 ] | Loss: 1.250 | Acc: 70.203% (880804/1254656)
12/06/2022 18:21:55 - INFO - __main__ -   test: [epoch: 0 | batch: 5000/5005 ] | Loss: 1.250 | Acc: 70.199% (898726/1280256)
12/06/2022 18:21:59 - INFO - __main__ -   Saving Checkpoint
12/06/2022 18:21:59 - INFO - __main__ -   test: [batch: 0/196 ] | Loss: 0.677 | Acc: 80.078% (205/256)/ 94.922% (243/256)
12/06/2022 18:22:07 - INFO - __main__ -   test: [batch: 10/196 ] | Loss: 0.879 | Acc: 77.628% (2186/2816)/ 92.756% (2612/2816)
12/06/2022 18:22:14 - INFO - __main__ -   test: [batch: 20/196 ] | Loss: 0.905 | Acc: 76.972% (4138/5376)/ 92.467% (4971/5376)
12/06/2022 18:22:21 - INFO - __main__ -   test: [batch: 30/196 ] | Loss: 0.864 | Acc: 78.100% (6198/7936)/ 92.944% (7376/7936)
12/06/2022 18:22:28 - INFO - __main__ -   test: [batch: 40/196 ] | Loss: 0.909 | Acc: 76.429% (8022/10496)/ 93.035% (9765/10496)
12/06/2022 18:22:35 - INFO - __main__ -   test: [batch: 50/196 ] | Loss: 0.902 | Acc: 76.241% (9954/13056)/ 93.313% (12183/13056)
12/06/2022 18:22:42 - INFO - __main__ -   test: [batch: 60/196 ] | Loss: 0.911 | Acc: 75.929% (11857/15616)/ 93.526% (14605/15616)
12/06/2022 18:22:49 - INFO - __main__ -   test: [batch: 70/196 ] | Loss: 0.895 | Acc: 76.496% (13904/18176)/ 93.684% (17028/18176)
12/06/2022 18:22:55 - INFO - __main__ -   test: [batch: 80/196 ] | Loss: 0.917 | Acc: 76.143% (15789/20736)/ 93.379% (19363/20736)
12/06/2022 18:23:01 - INFO - __main__ -   test: [batch: 90/196 ] | Loss: 0.981 | Acc: 74.807% (17427/23296)/ 92.518% (21553/23296)
12/06/2022 18:23:08 - INFO - __main__ -   test: [batch: 100/196 ] | Loss: 1.043 | Acc: 73.507% (19006/25856)/ 91.758% (23725/25856)
12/06/2022 18:23:14 - INFO - __main__ -   test: [batch: 110/196 ] | Loss: 1.070 | Acc: 73.033% (20753/28416)/ 91.378% (25966/28416)
12/06/2022 18:23:20 - INFO - __main__ -   test: [batch: 120/196 ] | Loss: 1.094 | Acc: 72.685% (22515/30976)/ 90.993% (28186/30976)
12/06/2022 18:23:27 - INFO - __main__ -   test: [batch: 130/196 ] | Loss: 1.133 | Acc: 71.857% (24098/33536)/ 90.515% (30355/33536)
12/06/2022 18:23:33 - INFO - __main__ -   test: [batch: 140/196 ] | Loss: 1.153 | Acc: 71.448% (25790/36096)/ 90.257% (32579/36096)
12/06/2022 18:23:39 - INFO - __main__ -   test: [batch: 150/196 ] | Loss: 1.179 | Acc: 70.975% (27436/38656)/ 89.815% (34719/38656)
12/06/2022 18:23:45 - INFO - __main__ -   test: [batch: 160/196 ] | Loss: 1.198 | Acc: 70.681% (29132/41216)/ 89.560% (36913/41216)
12/06/2022 18:23:52 - INFO - __main__ -   test: [batch: 170/196 ] | Loss: 1.220 | Acc: 70.185% (30724/43776)/ 89.257% (39073/43776)
12/06/2022 18:23:58 - INFO - __main__ -   test: [batch: 180/196 ] | Loss: 1.239 | Acc: 69.779% (32333/46336)/ 89.047% (41261/46336)
12/06/2022 18:24:05 - INFO - __main__ -   test: [batch: 190/196 ] | Loss: 1.237 | Acc: 69.789% (34124/48896)/ 89.097% (43565/48896)
12/06/2022 18:24:08 - INFO - __main__ -   test: [batch: 195/196 ] | Loss: 1.233 | Acc: 69.946% (34973/50000)/ 89.192% (44596/50000)
12/06/2022 18:24:08 - INFO - __main__ -   Final accuracy: 69.946
12/06/2022 18:24:08 - INFO - __main__ -   {'milestones': Counter({2: 1, 3: 1, 4: 1}), 'gamma': 0.1, 'base_lrs': [5e-05], 'last_epoch': 1, '_step_count': 2, 'verbose': False, '_get_lr_called_within_step': False, '_last_lr': [5e-05]}
12/06/2022 18:24:08 - INFO - __main__ -   
Epoch: 1
12/06/2022 18:24:08 - INFO - __main__ -   test: [epoch: 1 | batch: 0/5005 ] | Loss: 1.246 | Acc: 70.312% (180/256)
12/06/2022 18:25:55 - INFO - __main__ -   test: [epoch: 1 | batch: 100/5005 ] | Loss: 1.231 | Acc: 70.823% (18312/25856)
12/06/2022 18:27:42 - INFO - __main__ -   test: [epoch: 1 | batch: 200/5005 ] | Loss: 1.240 | Acc: 70.660% (36359/51456)
12/06/2022 18:29:30 - INFO - __main__ -   test: [epoch: 1 | batch: 300/5005 ] | Loss: 1.244 | Acc: 70.528% (54346/77056)
12/06/2022 18:31:17 - INFO - __main__ -   test: [epoch: 1 | batch: 400/5005 ] | Loss: 1.248 | Acc: 70.447% (72318/102656)
12/06/2022 18:33:03 - INFO - __main__ -   test: [epoch: 1 | batch: 500/5005 ] | Loss: 1.246 | Acc: 70.461% (90370/128256)
12/06/2022 18:34:50 - INFO - __main__ -   test: [epoch: 1 | batch: 600/5005 ] | Loss: 1.249 | Acc: 70.383% (108289/153856)
12/06/2022 18:36:39 - INFO - __main__ -   test: [epoch: 1 | batch: 700/5005 ] | Loss: 1.245 | Acc: 70.465% (126453/179456)
12/06/2022 18:38:26 - INFO - __main__ -   test: [epoch: 1 | batch: 800/5005 ] | Loss: 1.245 | Acc: 70.400% (144359/205056)
12/06/2022 18:40:15 - INFO - __main__ -   test: [epoch: 1 | batch: 900/5005 ] | Loss: 1.244 | Acc: 70.482% (162571/230656)
12/06/2022 18:42:02 - INFO - __main__ -   test: [epoch: 1 | batch: 1000/5005 ] | Loss: 1.243 | Acc: 70.481% (180612/256256)
12/06/2022 18:43:50 - INFO - __main__ -   test: [epoch: 1 | batch: 1100/5005 ] | Loss: 1.244 | Acc: 70.439% (198536/281856)
12/06/2022 18:45:38 - INFO - __main__ -   test: [epoch: 1 | batch: 1200/5005 ] | Loss: 1.244 | Acc: 70.449% (216601/307456)
12/06/2022 18:47:27 - INFO - __main__ -   test: [epoch: 1 | batch: 1300/5005 ] | Loss: 1.244 | Acc: 70.423% (234549/333056)
12/06/2022 18:49:15 - INFO - __main__ -   test: [epoch: 1 | batch: 1400/5005 ] | Loss: 1.244 | Acc: 70.416% (252550/358656)
12/06/2022 18:51:02 - INFO - __main__ -   test: [epoch: 1 | batch: 1500/5005 ] | Loss: 1.243 | Acc: 70.435% (270650/384256)
12/06/2022 18:52:52 - INFO - __main__ -   test: [epoch: 1 | batch: 1600/5005 ] | Loss: 1.243 | Acc: 70.416% (288604/409856)
12/06/2022 18:54:39 - INFO - __main__ -   test: [epoch: 1 | batch: 1700/5005 ] | Loss: 1.244 | Acc: 70.397% (306548/435456)
12/06/2022 18:56:27 - INFO - __main__ -   test: [epoch: 1 | batch: 1800/5005 ] | Loss: 1.242 | Acc: 70.427% (324710/461056)
12/06/2022 18:58:15 - INFO - __main__ -   test: [epoch: 1 | batch: 1900/5005 ] | Loss: 1.242 | Acc: 70.418% (342693/486656)
12/06/2022 19:00:03 - INFO - __main__ -   test: [epoch: 1 | batch: 2000/5005 ] | Loss: 1.242 | Acc: 70.408% (360667/512256)
12/06/2022 19:01:50 - INFO - __main__ -   test: [epoch: 1 | batch: 2100/5005 ] | Loss: 1.241 | Acc: 70.409% (378701/537856)
12/06/2022 19:03:38 - INFO - __main__ -   test: [epoch: 1 | batch: 2200/5005 ] | Loss: 1.241 | Acc: 70.407% (396712/563456)
12/06/2022 19:05:26 - INFO - __main__ -   test: [epoch: 1 | batch: 2300/5005 ] | Loss: 1.242 | Acc: 70.400% (414695/589056)
12/06/2022 19:07:13 - INFO - __main__ -   test: [epoch: 1 | batch: 2400/5005 ] | Loss: 1.241 | Acc: 70.413% (432800/614656)
12/06/2022 19:09:02 - INFO - __main__ -   test: [epoch: 1 | batch: 2500/5005 ] | Loss: 1.241 | Acc: 70.429% (450923/640256)
12/06/2022 19:10:49 - INFO - __main__ -   test: [epoch: 1 | batch: 2600/5005 ] | Loss: 1.241 | Acc: 70.420% (468895/665856)
12/06/2022 19:12:37 - INFO - __main__ -   test: [epoch: 1 | batch: 2700/5005 ] | Loss: 1.241 | Acc: 70.418% (486910/691456)
12/06/2022 19:14:25 - INFO - __main__ -   test: [epoch: 1 | batch: 2800/5005 ] | Loss: 1.240 | Acc: 70.432% (505036/717056)
12/06/2022 19:16:13 - INFO - __main__ -   test: [epoch: 1 | batch: 2900/5005 ] | Loss: 1.240 | Acc: 70.438% (523111/742656)
12/06/2022 19:18:02 - INFO - __main__ -   test: [epoch: 1 | batch: 3000/5005 ] | Loss: 1.240 | Acc: 70.440% (541157/768256)
12/06/2022 19:19:51 - INFO - __main__ -   test: [epoch: 1 | batch: 3100/5005 ] | Loss: 1.241 | Acc: 70.430% (559112/793856)
12/06/2022 19:21:39 - INFO - __main__ -   test: [epoch: 1 | batch: 3200/5005 ] | Loss: 1.241 | Acc: 70.411% (576991/819456)
12/06/2022 19:23:28 - INFO - __main__ -   test: [epoch: 1 | batch: 3300/5005 ] | Loss: 1.241 | Acc: 70.417% (595060/845056)
12/06/2022 19:25:17 - INFO - __main__ -   test: [epoch: 1 | batch: 3400/5005 ] | Loss: 1.241 | Acc: 70.414% (613063/870656)
12/06/2022 19:27:06 - INFO - __main__ -   test: [epoch: 1 | batch: 3500/5005 ] | Loss: 1.241 | Acc: 70.414% (631090/896256)
12/06/2022 19:28:55 - INFO - __main__ -   test: [epoch: 1 | batch: 3600/5005 ] | Loss: 1.241 | Acc: 70.418% (649151/921856)
12/06/2022 19:30:43 - INFO - __main__ -   test: [epoch: 1 | batch: 3700/5005 ] | Loss: 1.241 | Acc: 70.413% (667130/947456)
12/06/2022 19:32:32 - INFO - __main__ -   test: [epoch: 1 | batch: 3800/5005 ] | Loss: 1.241 | Acc: 70.406% (685094/973056)
12/06/2022 19:34:20 - INFO - __main__ -   test: [epoch: 1 | batch: 3900/5005 ] | Loss: 1.241 | Acc: 70.397% (703024/998656)
12/06/2022 19:36:08 - INFO - __main__ -   test: [epoch: 1 | batch: 4000/5005 ] | Loss: 1.241 | Acc: 70.397% (721048/1024256)
12/06/2022 19:37:55 - INFO - __main__ -   test: [epoch: 1 | batch: 4100/5005 ] | Loss: 1.241 | Acc: 70.411% (739212/1049856)
12/06/2022 19:39:41 - INFO - __main__ -   test: [epoch: 1 | batch: 4200/5005 ] | Loss: 1.241 | Acc: 70.408% (757210/1075456)
12/06/2022 19:41:30 - INFO - __main__ -   test: [epoch: 1 | batch: 4300/5005 ] | Loss: 1.240 | Acc: 70.421% (775380/1101056)
12/06/2022 19:43:20 - INFO - __main__ -   test: [epoch: 1 | batch: 4400/5005 ] | Loss: 1.240 | Acc: 70.436% (793566/1126656)
12/06/2022 19:45:09 - INFO - __main__ -   test: [epoch: 1 | batch: 4500/5005 ] | Loss: 1.240 | Acc: 70.433% (811570/1152256)
12/06/2022 19:46:58 - INFO - __main__ -   test: [epoch: 1 | batch: 4600/5005 ] | Loss: 1.240 | Acc: 70.428% (829544/1177856)
12/06/2022 19:48:46 - INFO - __main__ -   test: [epoch: 1 | batch: 4700/5005 ] | Loss: 1.240 | Acc: 70.431% (847602/1203456)
12/06/2022 19:50:33 - INFO - __main__ -   test: [epoch: 1 | batch: 4800/5005 ] | Loss: 1.241 | Acc: 70.428% (865603/1229056)
12/06/2022 19:52:21 - INFO - __main__ -   test: [epoch: 1 | batch: 4900/5005 ] | Loss: 1.241 | Acc: 70.427% (883621/1254656)
12/06/2022 19:54:09 - INFO - __main__ -   test: [epoch: 1 | batch: 5000/5005 ] | Loss: 1.241 | Acc: 70.425% (901614/1280256)
12/06/2022 19:54:13 - INFO - __main__ -   Saving Checkpoint
12/06/2022 19:54:13 - INFO - __main__ -   test: [batch: 0/196 ] | Loss: 0.689 | Acc: 79.688% (204/256)/ 94.531% (242/256)
12/06/2022 19:54:22 - INFO - __main__ -   test: [batch: 10/196 ] | Loss: 0.875 | Acc: 77.663% (2187/2816)/ 92.756% (2612/2816)
12/06/2022 19:54:29 - INFO - __main__ -   test: [batch: 20/196 ] | Loss: 0.899 | Acc: 77.083% (4144/5376)/ 92.429% (4969/5376)
12/06/2022 19:54:36 - INFO - __main__ -   test: [batch: 30/196 ] | Loss: 0.860 | Acc: 78.175% (6204/7936)/ 92.931% (7375/7936)
12/06/2022 19:54:42 - INFO - __main__ -   test: [batch: 40/196 ] | Loss: 0.905 | Acc: 76.524% (8032/10496)/ 92.997% (9761/10496)
12/06/2022 19:54:49 - INFO - __main__ -   test: [batch: 50/196 ] | Loss: 0.897 | Acc: 76.340% (9967/13056)/ 93.298% (12181/13056)
12/06/2022 19:54:55 - INFO - __main__ -   test: [batch: 60/196 ] | Loss: 0.906 | Acc: 76.063% (11878/15616)/ 93.468% (14596/15616)
12/06/2022 19:55:02 - INFO - __main__ -   test: [batch: 70/196 ] | Loss: 0.889 | Acc: 76.645% (13931/18176)/ 93.640% (17020/18176)
12/06/2022 19:55:09 - INFO - __main__ -   test: [batch: 80/196 ] | Loss: 0.912 | Acc: 76.297% (15821/20736)/ 93.383% (19364/20736)
12/06/2022 19:55:15 - INFO - __main__ -   test: [batch: 90/196 ] | Loss: 0.977 | Acc: 74.918% (17453/23296)/ 92.535% (21557/23296)
12/06/2022 19:55:21 - INFO - __main__ -   test: [batch: 100/196 ] | Loss: 1.039 | Acc: 73.592% (19028/25856)/ 91.762% (23726/25856)
12/06/2022 19:55:27 - INFO - __main__ -   test: [batch: 110/196 ] | Loss: 1.066 | Acc: 73.093% (20770/28416)/ 91.392% (25970/28416)
12/06/2022 19:55:34 - INFO - __main__ -   test: [batch: 120/196 ] | Loss: 1.089 | Acc: 72.766% (22540/30976)/ 91.003% (28189/30976)
12/06/2022 19:55:40 - INFO - __main__ -   test: [batch: 130/196 ] | Loss: 1.128 | Acc: 71.941% (24126/33536)/ 90.515% (30355/33536)
12/06/2022 19:55:46 - INFO - __main__ -   test: [batch: 140/196 ] | Loss: 1.148 | Acc: 71.531% (25820/36096)/ 90.276% (32586/36096)
12/06/2022 19:55:52 - INFO - __main__ -   test: [batch: 150/196 ] | Loss: 1.174 | Acc: 71.076% (27475/38656)/ 89.846% (34731/38656)
12/06/2022 19:55:59 - INFO - __main__ -   test: [batch: 160/196 ] | Loss: 1.193 | Acc: 70.790% (29177/41216)/ 89.584% (36923/41216)
12/06/2022 19:56:05 - INFO - __main__ -   test: [batch: 170/196 ] | Loss: 1.215 | Acc: 70.315% (30781/43776)/ 89.298% (39091/43776)
12/06/2022 19:56:12 - INFO - __main__ -   test: [batch: 180/196 ] | Loss: 1.234 | Acc: 69.909% (32393/46336)/ 89.093% (41282/46336)
12/06/2022 19:56:18 - INFO - __main__ -   test: [batch: 190/196 ] | Loss: 1.232 | Acc: 69.901% (34179/48896)/ 89.144% (43588/48896)
12/06/2022 19:56:21 - INFO - __main__ -   test: [batch: 195/196 ] | Loss: 1.228 | Acc: 70.058% (35029/50000)/ 89.240% (44620/50000)
12/06/2022 19:56:21 - INFO - __main__ -   Final accuracy: 70.058
12/06/2022 19:56:21 - INFO - __main__ -   {'milestones': Counter({2: 1, 3: 1, 4: 1}), 'gamma': 0.1, 'base_lrs': [5e-05], 'last_epoch': 2, '_step_count': 3, 'verbose': False, '_get_lr_called_within_step': False, '_last_lr': [5e-06]}
12/06/2022 19:56:21 - INFO - __main__ -   
Epoch: 2
12/06/2022 19:56:22 - INFO - __main__ -   test: [epoch: 2 | batch: 0/5005 ] | Loss: 1.231 | Acc: 70.703% (181/256)
12/06/2022 19:58:08 - INFO - __main__ -   test: [epoch: 2 | batch: 100/5005 ] | Loss: 1.214 | Acc: 70.966% (18349/25856)
12/06/2022 19:59:56 - INFO - __main__ -   test: [epoch: 2 | batch: 200/5005 ] | Loss: 1.223 | Acc: 70.837% (36450/51456)
12/06/2022 20:01:44 - INFO - __main__ -   test: [epoch: 2 | batch: 300/5005 ] | Loss: 1.231 | Acc: 70.615% (54413/77056)
12/06/2022 20:03:32 - INFO - __main__ -   test: [epoch: 2 | batch: 400/5005 ] | Loss: 1.233 | Acc: 70.598% (72473/102656)
12/06/2022 20:05:19 - INFO - __main__ -   test: [epoch: 2 | batch: 500/5005 ] | Loss: 1.232 | Acc: 70.610% (90561/128256)
12/06/2022 20:07:08 - INFO - __main__ -   test: [epoch: 2 | batch: 600/5005 ] | Loss: 1.235 | Acc: 70.568% (108573/153856)
12/06/2022 20:08:57 - INFO - __main__ -   test: [epoch: 2 | batch: 700/5005 ] | Loss: 1.233 | Acc: 70.632% (126753/179456)
12/06/2022 20:10:44 - INFO - __main__ -   test: [epoch: 2 | batch: 800/5005 ] | Loss: 1.234 | Acc: 70.567% (144702/205056)
12/06/2022 20:12:33 - INFO - __main__ -   test: [epoch: 2 | batch: 900/5005 ] | Loss: 1.233 | Acc: 70.591% (162822/230656)
12/06/2022 20:14:21 - INFO - __main__ -   test: [epoch: 2 | batch: 1000/5005 ] | Loss: 1.234 | Acc: 70.572% (180845/256256)
12/06/2022 20:16:09 - INFO - __main__ -   test: [epoch: 2 | batch: 1100/5005 ] | Loss: 1.235 | Acc: 70.545% (198836/281856)
12/06/2022 20:17:58 - INFO - __main__ -   test: [epoch: 2 | batch: 1200/5005 ] | Loss: 1.234 | Acc: 70.541% (216882/307456)
12/06/2022 20:19:46 - INFO - __main__ -   test: [epoch: 2 | batch: 1300/5005 ] | Loss: 1.235 | Acc: 70.549% (234969/333056)
12/06/2022 20:21:34 - INFO - __main__ -   test: [epoch: 2 | batch: 1400/5005 ] | Loss: 1.235 | Acc: 70.534% (252974/358656)
12/06/2022 20:23:23 - INFO - __main__ -   test: [epoch: 2 | batch: 1500/5005 ] | Loss: 1.234 | Acc: 70.549% (271089/384256)
12/06/2022 20:25:11 - INFO - __main__ -   test: [epoch: 2 | batch: 1600/5005 ] | Loss: 1.234 | Acc: 70.552% (289162/409856)
12/06/2022 20:26:58 - INFO - __main__ -   test: [epoch: 2 | batch: 1700/5005 ] | Loss: 1.234 | Acc: 70.538% (307162/435456)
12/06/2022 20:28:47 - INFO - __main__ -   test: [epoch: 2 | batch: 1800/5005 ] | Loss: 1.234 | Acc: 70.560% (325323/461056)
12/06/2022 20:30:35 - INFO - __main__ -   test: [epoch: 2 | batch: 1900/5005 ] | Loss: 1.234 | Acc: 70.555% (343359/486656)
12/06/2022 20:32:25 - INFO - __main__ -   test: [epoch: 2 | batch: 2000/5005 ] | Loss: 1.235 | Acc: 70.532% (361304/512256)
12/06/2022 20:34:14 - INFO - __main__ -   test: [epoch: 2 | batch: 2100/5005 ] | Loss: 1.235 | Acc: 70.530% (379351/537856)
12/06/2022 20:36:02 - INFO - __main__ -   test: [epoch: 2 | batch: 2200/5005 ] | Loss: 1.235 | Acc: 70.542% (397472/563456)
12/06/2022 20:37:52 - INFO - __main__ -   test: [epoch: 2 | batch: 2300/5005 ] | Loss: 1.236 | Acc: 70.536% (415495/589056)
12/06/2022 20:39:40 - INFO - __main__ -   test: [epoch: 2 | batch: 2400/5005 ] | Loss: 1.235 | Acc: 70.551% (433649/614656)
12/06/2022 20:41:28 - INFO - __main__ -   test: [epoch: 2 | batch: 2500/5005 ] | Loss: 1.235 | Acc: 70.559% (451758/640256)
12/06/2022 20:43:15 - INFO - __main__ -   test: [epoch: 2 | batch: 2600/5005 ] | Loss: 1.236 | Acc: 70.534% (469657/665856)
12/06/2022 20:45:04 - INFO - __main__ -   test: [epoch: 2 | batch: 2700/5005 ] | Loss: 1.236 | Acc: 70.521% (487619/691456)
12/06/2022 20:46:54 - INFO - __main__ -   test: [epoch: 2 | batch: 2800/5005 ] | Loss: 1.235 | Acc: 70.542% (505826/717056)
12/06/2022 20:48:42 - INFO - __main__ -   test: [epoch: 2 | batch: 2900/5005 ] | Loss: 1.236 | Acc: 70.545% (523906/742656)
12/06/2022 20:50:32 - INFO - __main__ -   test: [epoch: 2 | batch: 3000/5005 ] | Loss: 1.236 | Acc: 70.533% (541877/768256)
12/06/2022 20:52:22 - INFO - __main__ -   test: [epoch: 2 | batch: 3100/5005 ] | Loss: 1.237 | Acc: 70.532% (559920/793856)
12/06/2022 20:54:11 - INFO - __main__ -   test: [epoch: 2 | batch: 3200/5005 ] | Loss: 1.237 | Acc: 70.527% (577934/819456)
12/06/2022 20:55:59 - INFO - __main__ -   test: [epoch: 2 | batch: 3300/5005 ] | Loss: 1.237 | Acc: 70.523% (595955/845056)
12/06/2022 20:57:43 - INFO - __main__ -   test: [epoch: 2 | batch: 3400/5005 ] | Loss: 1.237 | Acc: 70.520% (613985/870656)
12/06/2022 20:59:12 - INFO - __main__ -   test: [epoch: 2 | batch: 3500/5005 ] | Loss: 1.237 | Acc: 70.521% (632048/896256)
12/06/2022 21:00:43 - INFO - __main__ -   test: [epoch: 2 | batch: 3600/5005 ] | Loss: 1.237 | Acc: 70.531% (650197/921856)
12/06/2022 21:02:24 - INFO - __main__ -   test: [epoch: 2 | batch: 3700/5005 ] | Loss: 1.237 | Acc: 70.532% (668263/947456)
12/06/2022 21:04:08 - INFO - __main__ -   test: [epoch: 2 | batch: 3800/5005 ] | Loss: 1.237 | Acc: 70.543% (686425/973056)
12/06/2022 21:05:51 - INFO - __main__ -   test: [epoch: 2 | batch: 3900/5005 ] | Loss: 1.238 | Acc: 70.520% (704253/998656)
12/06/2022 21:07:38 - INFO - __main__ -   test: [epoch: 2 | batch: 4000/5005 ] | Loss: 1.237 | Acc: 70.531% (722421/1024256)
12/06/2022 21:09:22 - INFO - __main__ -   test: [epoch: 2 | batch: 4100/5005 ] | Loss: 1.237 | Acc: 70.544% (740611/1049856)
12/06/2022 21:11:08 - INFO - __main__ -   test: [epoch: 2 | batch: 4200/5005 ] | Loss: 1.237 | Acc: 70.532% (758544/1075456)
12/06/2022 21:12:57 - INFO - __main__ -   test: [epoch: 2 | batch: 4300/5005 ] | Loss: 1.237 | Acc: 70.542% (776709/1101056)
12/06/2022 21:14:45 - INFO - __main__ -   test: [epoch: 2 | batch: 4400/5005 ] | Loss: 1.237 | Acc: 70.540% (794747/1126656)
12/06/2022 21:16:33 - INFO - __main__ -   test: [epoch: 2 | batch: 4500/5005 ] | Loss: 1.237 | Acc: 70.541% (812817/1152256)
12/06/2022 21:18:22 - INFO - __main__ -   test: [epoch: 2 | batch: 4600/5005 ] | Loss: 1.237 | Acc: 70.539% (830849/1177856)
12/06/2022 21:20:11 - INFO - __main__ -   test: [epoch: 2 | batch: 4700/5005 ] | Loss: 1.237 | Acc: 70.537% (848883/1203456)
12/06/2022 21:21:59 - INFO - __main__ -   test: [epoch: 2 | batch: 4800/5005 ] | Loss: 1.237 | Acc: 70.537% (866943/1229056)
12/06/2022 21:23:46 - INFO - __main__ -   test: [epoch: 2 | batch: 4900/5005 ] | Loss: 1.237 | Acc: 70.528% (884890/1254656)
12/06/2022 21:25:36 - INFO - __main__ -   test: [epoch: 2 | batch: 5000/5005 ] | Loss: 1.237 | Acc: 70.528% (902938/1280256)
12/06/2022 21:25:39 - INFO - __main__ -   Saving Checkpoint
12/06/2022 21:25:40 - INFO - __main__ -   test: [batch: 0/196 ] | Loss: 0.682 | Acc: 79.688% (204/256)/ 94.531% (242/256)
12/06/2022 21:25:49 - INFO - __main__ -   test: [batch: 10/196 ] | Loss: 0.876 | Acc: 77.592% (2185/2816)/ 92.614% (2608/2816)
12/06/2022 21:25:55 - INFO - __main__ -   test: [batch: 20/196 ] | Loss: 0.898 | Acc: 76.990% (4139/5376)/ 92.411% (4968/5376)
12/06/2022 21:26:02 - INFO - __main__ -   test: [batch: 30/196 ] | Loss: 0.858 | Acc: 78.075% (6196/7936)/ 92.881% (7371/7936)
12/06/2022 21:26:09 - INFO - __main__ -   test: [batch: 40/196 ] | Loss: 0.904 | Acc: 76.477% (8027/10496)/ 92.969% (9758/10496)
12/06/2022 21:26:15 - INFO - __main__ -   test: [batch: 50/196 ] | Loss: 0.896 | Acc: 76.317% (9964/13056)/ 93.321% (12184/13056)
12/06/2022 21:26:22 - INFO - __main__ -   test: [batch: 60/196 ] | Loss: 0.906 | Acc: 76.018% (11871/15616)/ 93.507% (14602/15616)
12/06/2022 21:26:29 - INFO - __main__ -   test: [batch: 70/196 ] | Loss: 0.889 | Acc: 76.612% (13925/18176)/ 93.678% (17027/18176)
12/06/2022 21:26:35 - INFO - __main__ -   test: [batch: 80/196 ] | Loss: 0.912 | Acc: 76.302% (15822/20736)/ 93.369% (19361/20736)
12/06/2022 21:26:41 - INFO - __main__ -   test: [batch: 90/196 ] | Loss: 0.976 | Acc: 75.004% (17473/23296)/ 92.531% (21556/23296)
12/06/2022 21:26:48 - INFO - __main__ -   test: [batch: 100/196 ] | Loss: 1.039 | Acc: 73.670% (19048/25856)/ 91.778% (23730/25856)
12/06/2022 21:26:54 - INFO - __main__ -   test: [batch: 110/196 ] | Loss: 1.066 | Acc: 73.195% (20799/28416)/ 91.403% (25973/28416)
12/06/2022 21:27:00 - INFO - __main__ -   test: [batch: 120/196 ] | Loss: 1.089 | Acc: 72.843% (22564/30976)/ 91.038% (28200/30976)
12/06/2022 21:27:06 - INFO - __main__ -   test: [batch: 130/196 ] | Loss: 1.128 | Acc: 72.015% (24151/33536)/ 90.568% (30373/33536)
12/06/2022 21:27:12 - INFO - __main__ -   test: [batch: 140/196 ] | Loss: 1.148 | Acc: 71.592% (25842/36096)/ 90.331% (32606/36096)
12/06/2022 21:27:18 - INFO - __main__ -   test: [batch: 150/196 ] | Loss: 1.174 | Acc: 71.102% (27485/38656)/ 89.888% (34747/38656)
12/06/2022 21:27:25 - INFO - __main__ -   test: [batch: 160/196 ] | Loss: 1.192 | Acc: 70.815% (29187/41216)/ 89.611% (36934/41216)
12/06/2022 21:27:31 - INFO - __main__ -   test: [batch: 170/196 ] | Loss: 1.215 | Acc: 70.324% (30785/43776)/ 89.318% (39100/43776)
12/06/2022 21:27:38 - INFO - __main__ -   test: [batch: 180/196 ] | Loss: 1.233 | Acc: 69.911% (32394/46336)/ 89.112% (41291/46336)
12/06/2022 21:27:45 - INFO - __main__ -   test: [batch: 190/196 ] | Loss: 1.232 | Acc: 69.924% (34190/48896)/ 89.163% (43597/48896)
12/06/2022 21:27:48 - INFO - __main__ -   test: [batch: 195/196 ] | Loss: 1.228 | Acc: 70.080% (35040/50000)/ 89.252% (44626/50000)
12/06/2022 21:27:48 - INFO - __main__ -   Final accuracy: 70.080
12/06/2022 21:27:48 - INFO - __main__ -   {'milestones': Counter({2: 1, 3: 1, 4: 1}), 'gamma': 0.1, 'base_lrs': [5e-05], 'last_epoch': 3, '_step_count': 4, 'verbose': False, '_get_lr_called_within_step': False, '_last_lr': [5.000000000000001e-07]}
12/06/2022 21:27:48 - INFO - __main__ -   
Epoch: 3
12/06/2022 21:27:48 - INFO - __main__ -   test: [epoch: 3 | batch: 0/5005 ] | Loss: 1.088 | Acc: 74.219% (190/256)
12/06/2022 21:29:36 - INFO - __main__ -   test: [epoch: 3 | batch: 100/5005 ] | Loss: 1.211 | Acc: 71.028% (18365/25856)
12/06/2022 21:31:24 - INFO - __main__ -   test: [epoch: 3 | batch: 200/5005 ] | Loss: 1.227 | Acc: 70.709% (36384/51456)
12/06/2022 21:33:12 - INFO - __main__ -   test: [epoch: 3 | batch: 300/5005 ] | Loss: 1.234 | Acc: 70.576% (54383/77056)
12/06/2022 21:35:00 - INFO - __main__ -   test: [epoch: 3 | batch: 400/5005 ] | Loss: 1.236 | Acc: 70.539% (72413/102656)
12/06/2022 21:36:48 - INFO - __main__ -   test: [epoch: 3 | batch: 500/5005 ] | Loss: 1.235 | Acc: 70.581% (90524/128256)
12/06/2022 21:38:36 - INFO - __main__ -   test: [epoch: 3 | batch: 600/5005 ] | Loss: 1.237 | Acc: 70.495% (108461/153856)
12/06/2022 21:40:25 - INFO - __main__ -   test: [epoch: 3 | batch: 700/5005 ] | Loss: 1.232 | Acc: 70.615% (126722/179456)
12/06/2022 21:42:14 - INFO - __main__ -   test: [epoch: 3 | batch: 800/5005 ] | Loss: 1.235 | Acc: 70.585% (144739/205056)
12/06/2022 21:44:02 - INFO - __main__ -   test: [epoch: 3 | batch: 900/5005 ] | Loss: 1.233 | Acc: 70.636% (162926/230656)
12/06/2022 21:45:49 - INFO - __main__ -   test: [epoch: 3 | batch: 1000/5005 ] | Loss: 1.232 | Acc: 70.660% (181071/256256)
12/06/2022 21:47:37 - INFO - __main__ -   test: [epoch: 3 | batch: 1100/5005 ] | Loss: 1.234 | Acc: 70.615% (199032/281856)
12/06/2022 21:49:24 - INFO - __main__ -   test: [epoch: 3 | batch: 1200/5005 ] | Loss: 1.234 | Acc: 70.625% (217142/307456)
12/06/2022 21:51:12 - INFO - __main__ -   test: [epoch: 3 | batch: 1300/5005 ] | Loss: 1.235 | Acc: 70.604% (235150/333056)
12/06/2022 21:53:00 - INFO - __main__ -   test: [epoch: 3 | batch: 1400/5005 ] | Loss: 1.234 | Acc: 70.602% (253220/358656)
12/06/2022 21:54:48 - INFO - __main__ -   test: [epoch: 3 | batch: 1500/5005 ] | Loss: 1.234 | Acc: 70.608% (271314/384256)
12/06/2022 21:56:38 - INFO - __main__ -   test: [epoch: 3 | batch: 1600/5005 ] | Loss: 1.235 | Acc: 70.587% (289304/409856)
12/06/2022 21:58:25 - INFO - __main__ -   test: [epoch: 3 | batch: 1700/5005 ] | Loss: 1.236 | Acc: 70.570% (307300/435456)
12/06/2022 22:00:13 - INFO - __main__ -   test: [epoch: 3 | batch: 1800/5005 ] | Loss: 1.236 | Acc: 70.563% (325334/461056)
12/06/2022 22:02:02 - INFO - __main__ -   test: [epoch: 3 | batch: 1900/5005 ] | Loss: 1.236 | Acc: 70.553% (343352/486656)
12/06/2022 22:03:51 - INFO - __main__ -   test: [epoch: 3 | batch: 2000/5005 ] | Loss: 1.236 | Acc: 70.546% (361377/512256)
12/06/2022 22:05:39 - INFO - __main__ -   test: [epoch: 3 | batch: 2100/5005 ] | Loss: 1.236 | Acc: 70.548% (379444/537856)
12/06/2022 22:07:27 - INFO - __main__ -   test: [epoch: 3 | batch: 2200/5005 ] | Loss: 1.236 | Acc: 70.542% (397474/563456)
12/06/2022 22:09:16 - INFO - __main__ -   test: [epoch: 3 | batch: 2300/5005 ] | Loss: 1.236 | Acc: 70.531% (415467/589056)
12/06/2022 22:11:05 - INFO - __main__ -   test: [epoch: 3 | batch: 2400/5005 ] | Loss: 1.236 | Acc: 70.515% (433423/614656)
12/06/2022 22:12:53 - INFO - __main__ -   test: [epoch: 3 | batch: 2500/5005 ] | Loss: 1.237 | Acc: 70.516% (451485/640256)
12/06/2022 22:14:40 - INFO - __main__ -   test: [epoch: 3 | batch: 2600/5005 ] | Loss: 1.237 | Acc: 70.512% (469506/665856)
12/06/2022 22:16:27 - INFO - __main__ -   test: [epoch: 3 | batch: 2700/5005 ] | Loss: 1.237 | Acc: 70.511% (487554/691456)
12/06/2022 22:18:14 - INFO - __main__ -   test: [epoch: 3 | batch: 2800/5005 ] | Loss: 1.237 | Acc: 70.508% (505581/717056)
12/06/2022 22:20:03 - INFO - __main__ -   test: [epoch: 3 | batch: 2900/5005 ] | Loss: 1.236 | Acc: 70.520% (523721/742656)
12/06/2022 22:21:52 - INFO - __main__ -   test: [epoch: 3 | batch: 3000/5005 ] | Loss: 1.237 | Acc: 70.525% (541813/768256)
12/06/2022 22:23:41 - INFO - __main__ -   test: [epoch: 3 | batch: 3100/5005 ] | Loss: 1.237 | Acc: 70.529% (559900/793856)
12/06/2022 22:25:31 - INFO - __main__ -   test: [epoch: 3 | batch: 3200/5005 ] | Loss: 1.237 | Acc: 70.531% (577970/819456)
12/06/2022 22:27:19 - INFO - __main__ -   test: [epoch: 3 | batch: 3300/5005 ] | Loss: 1.236 | Acc: 70.539% (596097/845056)
12/06/2022 22:29:03 - INFO - __main__ -   test: [epoch: 3 | batch: 3400/5005 ] | Loss: 1.236 | Acc: 70.533% (614099/870656)
12/06/2022 22:30:42 - INFO - __main__ -   test: [epoch: 3 | batch: 3500/5005 ] | Loss: 1.236 | Acc: 70.524% (632080/896256)
12/06/2022 22:32:13 - INFO - __main__ -   test: [epoch: 3 | batch: 3600/5005 ] | Loss: 1.236 | Acc: 70.524% (650131/921856)
12/06/2022 22:33:57 - INFO - __main__ -   test: [epoch: 3 | batch: 3700/5005 ] | Loss: 1.236 | Acc: 70.528% (668218/947456)
12/06/2022 22:35:43 - INFO - __main__ -   test: [epoch: 3 | batch: 3800/5005 ] | Loss: 1.236 | Acc: 70.528% (686274/973056)
12/06/2022 22:37:28 - INFO - __main__ -   test: [epoch: 3 | batch: 3900/5005 ] | Loss: 1.237 | Acc: 70.509% (704146/998656)
12/06/2022 22:39:14 - INFO - __main__ -   test: [epoch: 3 | batch: 4000/5005 ] | Loss: 1.237 | Acc: 70.517% (722271/1024256)
12/06/2022 22:41:01 - INFO - __main__ -   test: [epoch: 3 | batch: 4100/5005 ] | Loss: 1.236 | Acc: 70.531% (740478/1049856)
12/06/2022 22:42:47 - INFO - __main__ -   test: [epoch: 3 | batch: 4200/5005 ] | Loss: 1.236 | Acc: 70.525% (758462/1075456)
12/06/2022 22:44:37 - INFO - __main__ -   test: [epoch: 3 | batch: 4300/5005 ] | Loss: 1.236 | Acc: 70.530% (776572/1101056)
12/06/2022 22:46:26 - INFO - __main__ -   test: [epoch: 3 | batch: 4400/5005 ] | Loss: 1.236 | Acc: 70.544% (794789/1126656)
12/06/2022 22:48:14 - INFO - __main__ -   test: [epoch: 3 | batch: 4500/5005 ] | Loss: 1.236 | Acc: 70.545% (812864/1152256)
12/06/2022 22:50:02 - INFO - __main__ -   test: [epoch: 3 | batch: 4600/5005 ] | Loss: 1.236 | Acc: 70.546% (830931/1177856)
12/06/2022 22:51:50 - INFO - __main__ -   test: [epoch: 3 | batch: 4700/5005 ] | Loss: 1.236 | Acc: 70.553% (849075/1203456)
12/06/2022 22:53:38 - INFO - __main__ -   test: [epoch: 3 | batch: 4800/5005 ] | Loss: 1.235 | Acc: 70.555% (867161/1229056)
12/06/2022 22:55:26 - INFO - __main__ -   test: [epoch: 3 | batch: 4900/5005 ] | Loss: 1.235 | Acc: 70.557% (885246/1254656)
12/06/2022 22:57:16 - INFO - __main__ -   test: [epoch: 3 | batch: 5000/5005 ] | Loss: 1.235 | Acc: 70.555% (903291/1280256)
12/06/2022 22:57:19 - INFO - __main__ -   Saving Checkpoint
12/06/2022 22:57:20 - INFO - __main__ -   test: [batch: 0/196 ] | Loss: 0.696 | Acc: 78.906% (202/256)/ 94.922% (243/256)
12/06/2022 22:57:29 - INFO - __main__ -   test: [batch: 10/196 ] | Loss: 0.875 | Acc: 77.486% (2182/2816)/ 92.614% (2608/2816)
12/06/2022 22:57:35 - INFO - __main__ -   test: [batch: 20/196 ] | Loss: 0.897 | Acc: 77.028% (4141/5376)/ 92.541% (4975/5376)
12/06/2022 22:57:42 - INFO - __main__ -   test: [batch: 30/196 ] | Loss: 0.859 | Acc: 78.150% (6202/7936)/ 92.956% (7377/7936)
12/06/2022 22:57:49 - INFO - __main__ -   test: [batch: 40/196 ] | Loss: 0.903 | Acc: 76.562% (8036/10496)/ 93.016% (9763/10496)
12/06/2022 22:57:56 - INFO - __main__ -   test: [batch: 50/196 ] | Loss: 0.896 | Acc: 76.394% (9974/13056)/ 93.344% (12187/13056)
12/06/2022 22:58:02 - INFO - __main__ -   test: [batch: 60/196 ] | Loss: 0.905 | Acc: 76.089% (11882/15616)/ 93.519% (14604/15616)
12/06/2022 22:58:09 - INFO - __main__ -   test: [batch: 70/196 ] | Loss: 0.889 | Acc: 76.634% (13929/18176)/ 93.662% (17024/18176)
12/06/2022 22:58:15 - INFO - __main__ -   test: [batch: 80/196 ] | Loss: 0.911 | Acc: 76.297% (15821/20736)/ 93.388% (19365/20736)
12/06/2022 22:58:22 - INFO - __main__ -   test: [batch: 90/196 ] | Loss: 0.976 | Acc: 74.974% (17466/23296)/ 92.535% (21557/23296)
12/06/2022 22:58:28 - INFO - __main__ -   test: [batch: 100/196 ] | Loss: 1.037 | Acc: 73.646% (19042/25856)/ 91.770% (23728/25856)
12/06/2022 22:58:34 - INFO - __main__ -   test: [batch: 110/196 ] | Loss: 1.065 | Acc: 73.167% (20791/28416)/ 91.410% (25975/28416)
12/06/2022 22:58:40 - INFO - __main__ -   test: [batch: 120/196 ] | Loss: 1.088 | Acc: 72.805% (22552/30976)/ 91.022% (28195/30976)
12/06/2022 22:58:47 - INFO - __main__ -   test: [batch: 130/196 ] | Loss: 1.127 | Acc: 71.991% (24143/33536)/ 90.550% (30367/33536)
12/06/2022 22:58:53 - INFO - __main__ -   test: [batch: 140/196 ] | Loss: 1.147 | Acc: 71.590% (25841/36096)/ 90.315% (32600/36096)
12/06/2022 22:58:59 - INFO - __main__ -   test: [batch: 150/196 ] | Loss: 1.173 | Acc: 71.122% (27493/38656)/ 89.883% (34745/38656)
12/06/2022 22:59:05 - INFO - __main__ -   test: [batch: 160/196 ] | Loss: 1.191 | Acc: 70.812% (29186/41216)/ 89.621% (36938/41216)
12/06/2022 22:59:12 - INFO - __main__ -   test: [batch: 170/196 ] | Loss: 1.214 | Acc: 70.335% (30790/43776)/ 89.314% (39098/43776)
12/06/2022 22:59:18 - INFO - __main__ -   test: [batch: 180/196 ] | Loss: 1.232 | Acc: 69.943% (32409/46336)/ 89.104% (41287/46336)
12/06/2022 22:59:25 - INFO - __main__ -   test: [batch: 190/196 ] | Loss: 1.231 | Acc: 69.936% (34196/48896)/ 89.152% (43592/48896)
12/06/2022 22:59:28 - INFO - __main__ -   test: [batch: 195/196 ] | Loss: 1.227 | Acc: 70.088% (35044/50000)/ 89.242% (44621/50000)
12/06/2022 22:59:28 - INFO - __main__ -   Final accuracy: 70.088
12/06/2022 22:59:28 - INFO - __main__ -   {'milestones': Counter({2: 1, 3: 1, 4: 1}), 'gamma': 0.1, 'base_lrs': [5e-05], 'last_epoch': 4, '_step_count': 5, 'verbose': False, '_get_lr_called_within_step': False, '_last_lr': [5.000000000000001e-08]}
12/06/2022 22:59:28 - INFO - __main__ -   
Epoch: 4
12/06/2022 22:59:28 - INFO - __main__ -   test: [epoch: 4 | batch: 0/5005 ] | Loss: 1.473 | Acc: 65.234% (167/256)
12/06/2022 23:01:16 - INFO - __main__ -   test: [epoch: 4 | batch: 100/5005 ] | Loss: 1.211 | Acc: 71.032% (18366/25856)
12/06/2022 23:03:04 - INFO - __main__ -   test: [epoch: 4 | batch: 200/5005 ] | Loss: 1.227 | Acc: 70.693% (36376/51456)
12/06/2022 23:04:50 - INFO - __main__ -   test: [epoch: 4 | batch: 300/5005 ] | Loss: 1.234 | Acc: 70.550% (54363/77056)
12/06/2022 23:06:37 - INFO - __main__ -   test: [epoch: 4 | batch: 400/5005 ] | Loss: 1.233 | Acc: 70.604% (72479/102656)
12/06/2022 23:08:24 - INFO - __main__ -   test: [epoch: 4 | batch: 500/5005 ] | Loss: 1.235 | Acc: 70.567% (90507/128256)
12/06/2022 23:10:12 - INFO - __main__ -   test: [epoch: 4 | batch: 600/5005 ] | Loss: 1.237 | Acc: 70.480% (108438/153856)
12/06/2022 23:11:59 - INFO - __main__ -   test: [epoch: 4 | batch: 700/5005 ] | Loss: 1.235 | Acc: 70.527% (126565/179456)
12/06/2022 23:13:47 - INFO - __main__ -   test: [epoch: 4 | batch: 800/5005 ] | Loss: 1.235 | Acc: 70.518% (144602/205056)
12/06/2022 23:15:35 - INFO - __main__ -   test: [epoch: 4 | batch: 900/5005 ] | Loss: 1.232 | Acc: 70.553% (162734/230656)
12/06/2022 23:17:23 - INFO - __main__ -   test: [epoch: 4 | batch: 1000/5005 ] | Loss: 1.232 | Acc: 70.545% (180775/256256)
12/06/2022 23:19:11 - INFO - __main__ -   test: [epoch: 4 | batch: 1100/5005 ] | Loss: 1.233 | Acc: 70.514% (198748/281856)
12/06/2022 23:20:59 - INFO - __main__ -   test: [epoch: 4 | batch: 1200/5005 ] | Loss: 1.233 | Acc: 70.529% (216846/307456)
12/06/2022 23:22:47 - INFO - __main__ -   test: [epoch: 4 | batch: 1300/5005 ] | Loss: 1.233 | Acc: 70.515% (234856/333056)
12/06/2022 23:24:35 - INFO - __main__ -   test: [epoch: 4 | batch: 1400/5005 ] | Loss: 1.234 | Acc: 70.512% (252894/358656)
12/06/2022 23:26:22 - INFO - __main__ -   test: [epoch: 4 | batch: 1500/5005 ] | Loss: 1.234 | Acc: 70.517% (270965/384256)
12/06/2022 23:28:11 - INFO - __main__ -   test: [epoch: 4 | batch: 1600/5005 ] | Loss: 1.233 | Acc: 70.520% (289031/409856)
12/06/2022 23:29:59 - INFO - __main__ -   test: [epoch: 4 | batch: 1700/5005 ] | Loss: 1.235 | Acc: 70.495% (306973/435456)
12/06/2022 23:31:48 - INFO - __main__ -   test: [epoch: 4 | batch: 1800/5005 ] | Loss: 1.235 | Acc: 70.515% (325113/461056)
12/06/2022 23:33:37 - INFO - __main__ -   test: [epoch: 4 | batch: 1900/5005 ] | Loss: 1.235 | Acc: 70.515% (343165/486656)
12/06/2022 23:35:26 - INFO - __main__ -   test: [epoch: 4 | batch: 2000/5005 ] | Loss: 1.235 | Acc: 70.493% (361107/512256)
12/06/2022 23:37:14 - INFO - __main__ -   test: [epoch: 4 | batch: 2100/5005 ] | Loss: 1.235 | Acc: 70.499% (379182/537856)
12/06/2022 23:39:00 - INFO - __main__ -   test: [epoch: 4 | batch: 2200/5005 ] | Loss: 1.234 | Acc: 70.513% (397310/563456)
12/06/2022 23:40:48 - INFO - __main__ -   test: [epoch: 4 | batch: 2300/5005 ] | Loss: 1.234 | Acc: 70.523% (415418/589056)
12/06/2022 23:42:36 - INFO - __main__ -   test: [epoch: 4 | batch: 2400/5005 ] | Loss: 1.234 | Acc: 70.529% (433509/614656)
12/06/2022 23:44:24 - INFO - __main__ -   test: [epoch: 4 | batch: 2500/5005 ] | Loss: 1.234 | Acc: 70.543% (451658/640256)
12/06/2022 23:46:12 - INFO - __main__ -   test: [epoch: 4 | batch: 2600/5005 ] | Loss: 1.235 | Acc: 70.525% (469594/665856)
12/06/2022 23:48:00 - INFO - __main__ -   test: [epoch: 4 | batch: 2700/5005 ] | Loss: 1.235 | Acc: 70.523% (487633/691456)
12/06/2022 23:49:47 - INFO - __main__ -   test: [epoch: 4 | batch: 2800/5005 ] | Loss: 1.234 | Acc: 70.548% (505872/717056)
12/06/2022 23:51:35 - INFO - __main__ -   test: [epoch: 4 | batch: 2900/5005 ] | Loss: 1.234 | Acc: 70.553% (523967/742656)
12/06/2022 23:53:24 - INFO - __main__ -   test: [epoch: 4 | batch: 3000/5005 ] | Loss: 1.234 | Acc: 70.572% (542172/768256)
12/06/2022 23:55:13 - INFO - __main__ -   test: [epoch: 4 | batch: 3100/5005 ] | Loss: 1.234 | Acc: 70.572% (560237/793856)
12/06/2022 23:56:47 - INFO - __main__ -   test: [epoch: 4 | batch: 3200/5005 ] | Loss: 1.234 | Acc: 70.557% (578186/819456)
12/06/2022 23:58:12 - INFO - __main__ -   test: [epoch: 4 | batch: 3300/5005 ] | Loss: 1.235 | Acc: 70.554% (596220/845056)
12/06/2022 23:59:41 - INFO - __main__ -   test: [epoch: 4 | batch: 3400/5005 ] | Loss: 1.234 | Acc: 70.548% (614230/870656)
12/07/2022 00:01:13 - INFO - __main__ -   test: [epoch: 4 | batch: 3500/5005 ] | Loss: 1.234 | Acc: 70.553% (632337/896256)
12/07/2022 00:02:50 - INFO - __main__ -   test: [epoch: 4 | batch: 3600/5005 ] | Loss: 1.234 | Acc: 70.561% (650475/921856)
12/07/2022 00:04:31 - INFO - __main__ -   test: [epoch: 4 | batch: 3700/5005 ] | Loss: 1.234 | Acc: 70.566% (668582/947456)
12/07/2022 00:06:14 - INFO - __main__ -   test: [epoch: 4 | batch: 3800/5005 ] | Loss: 1.234 | Acc: 70.565% (686635/973056)
12/07/2022 00:07:59 - INFO - __main__ -   test: [epoch: 4 | batch: 3900/5005 ] | Loss: 1.234 | Acc: 70.551% (704561/998656)
12/07/2022 00:09:45 - INFO - __main__ -   test: [epoch: 4 | batch: 4000/5005 ] | Loss: 1.235 | Acc: 70.543% (722536/1024256)
12/07/2022 00:11:31 - INFO - __main__ -   test: [epoch: 4 | batch: 4100/5005 ] | Loss: 1.235 | Acc: 70.548% (740656/1049856)
12/07/2022 00:13:17 - INFO - __main__ -   test: [epoch: 4 | batch: 4200/5005 ] | Loss: 1.235 | Acc: 70.553% (758768/1075456)
12/07/2022 00:15:06 - INFO - __main__ -   test: [epoch: 4 | batch: 4300/5005 ] | Loss: 1.234 | Acc: 70.564% (776950/1101056)
12/07/2022 00:16:55 - INFO - __main__ -   test: [epoch: 4 | batch: 4400/5005 ] | Loss: 1.234 | Acc: 70.580% (795195/1126656)
12/07/2022 00:18:43 - INFO - __main__ -   test: [epoch: 4 | batch: 4500/5005 ] | Loss: 1.233 | Acc: 70.586% (813332/1152256)
12/07/2022 00:20:30 - INFO - __main__ -   test: [epoch: 4 | batch: 4600/5005 ] | Loss: 1.234 | Acc: 70.585% (831395/1177856)
12/07/2022 00:22:20 - INFO - __main__ -   test: [epoch: 4 | batch: 4700/5005 ] | Loss: 1.233 | Acc: 70.583% (849435/1203456)
12/07/2022 00:24:08 - INFO - __main__ -   test: [epoch: 4 | batch: 4800/5005 ] | Loss: 1.233 | Acc: 70.578% (867440/1229056)
12/07/2022 00:25:57 - INFO - __main__ -   test: [epoch: 4 | batch: 4900/5005 ] | Loss: 1.234 | Acc: 70.572% (885439/1254656)
12/07/2022 00:27:47 - INFO - __main__ -   test: [epoch: 4 | batch: 5000/5005 ] | Loss: 1.234 | Acc: 70.574% (903522/1280256)
12/07/2022 00:27:51 - INFO - __main__ -   Saving Checkpoint
12/07/2022 00:27:51 - INFO - __main__ -   test: [batch: 0/196 ] | Loss: 0.679 | Acc: 80.078% (205/256)/ 95.312% (244/256)
12/07/2022 00:27:59 - INFO - __main__ -   test: [batch: 10/196 ] | Loss: 0.877 | Acc: 77.557% (2184/2816)/ 92.685% (2610/2816)
12/07/2022 00:28:06 - INFO - __main__ -   test: [batch: 20/196 ] | Loss: 0.899 | Acc: 76.953% (4137/5376)/ 92.429% (4969/5376)
12/07/2022 00:28:14 - INFO - __main__ -   test: [batch: 30/196 ] | Loss: 0.859 | Acc: 78.138% (6201/7936)/ 92.855% (7369/7936)
12/07/2022 00:28:20 - INFO - __main__ -   test: [batch: 40/196 ] | Loss: 0.903 | Acc: 76.543% (8034/10496)/ 92.959% (9757/10496)
12/07/2022 00:28:27 - INFO - __main__ -   test: [batch: 50/196 ] | Loss: 0.896 | Acc: 76.379% (9972/13056)/ 93.298% (12181/13056)
12/07/2022 00:28:33 - INFO - __main__ -   test: [batch: 60/196 ] | Loss: 0.907 | Acc: 76.057% (11877/15616)/ 93.475% (14597/15616)
12/07/2022 00:28:40 - INFO - __main__ -   test: [batch: 70/196 ] | Loss: 0.890 | Acc: 76.618% (13926/18176)/ 93.623% (17017/18176)
12/07/2022 00:28:46 - INFO - __main__ -   test: [batch: 80/196 ] | Loss: 0.913 | Acc: 76.326% (15827/20736)/ 93.355% (19358/20736)
12/07/2022 00:28:53 - INFO - __main__ -   test: [batch: 90/196 ] | Loss: 0.978 | Acc: 74.987% (17469/23296)/ 92.522% (21554/23296)
12/07/2022 00:28:59 - INFO - __main__ -   test: [batch: 100/196 ] | Loss: 1.040 | Acc: 73.642% (19041/25856)/ 91.762% (23726/25856)
12/07/2022 00:29:05 - INFO - __main__ -   test: [batch: 110/196 ] | Loss: 1.067 | Acc: 73.191% (20798/28416)/ 91.392% (25970/28416)
12/07/2022 00:29:12 - INFO - __main__ -   test: [batch: 120/196 ] | Loss: 1.089 | Acc: 72.840% (22563/30976)/ 91.029% (28197/30976)
12/07/2022 00:29:18 - INFO - __main__ -   test: [batch: 130/196 ] | Loss: 1.128 | Acc: 72.000% (24146/33536)/ 90.544% (30365/33536)
12/07/2022 00:29:24 - INFO - __main__ -   test: [batch: 140/196 ] | Loss: 1.149 | Acc: 71.584% (25839/36096)/ 90.304% (32596/36096)
12/07/2022 00:29:30 - INFO - __main__ -   test: [batch: 150/196 ] | Loss: 1.175 | Acc: 71.099% (27484/38656)/ 89.870% (34740/38656)
12/07/2022 00:29:37 - INFO - __main__ -   test: [batch: 160/196 ] | Loss: 1.193 | Acc: 70.800% (29181/41216)/ 89.606% (36932/41216)
12/07/2022 00:29:43 - INFO - __main__ -   test: [batch: 170/196 ] | Loss: 1.216 | Acc: 70.324% (30785/43776)/ 89.305% (39094/43776)
12/07/2022 00:29:50 - INFO - __main__ -   test: [batch: 180/196 ] | Loss: 1.234 | Acc: 69.915% (32396/46336)/ 89.106% (41288/46336)
12/07/2022 00:29:56 - INFO - __main__ -   test: [batch: 190/196 ] | Loss: 1.232 | Acc: 69.922% (34189/48896)/ 89.159% (43595/48896)
12/07/2022 00:29:59 - INFO - __main__ -   test: [batch: 195/196 ] | Loss: 1.229 | Acc: 70.074% (35037/50000)/ 89.256% (44628/50000)
12/07/2022 00:29:59 - INFO - __main__ -   Final accuracy: 70.074
